<?xml version="1.0" encoding="UTF-8"?>
<!-- Generated by org.testng.reporters.JUnitXMLReporter -->
<testsuite hostname="Inthiyaz" ignored="0" name="Test" tests="2" failures="1" timestamp="27 Dec 2021 20:10:50 GMT" time="29.528" errors="0">
  <testcase name="Verify_Title" time="0.127" classname="com.org.Testcases.Login_Page_Test"/>
  <testcase name="Verify_Login" time="9.528" classname="com.org.Testcases.Login_Page_Test">
    <failure type="java.lang.AssertionError" message="expected [true] but found [false]">
      <![CDATA[java.lang.AssertionError: expected [true] but found [false]
	at com.org.Testcases.Login_Page_Test.Verify_Login(Login_Page_Test.java:62)
... Removed 29 stack frames]]>
    </failure>
  </testcase> <!-- Verify_Login -->
</testsuite> <!-- Test -->
